2014-00-21 21:00:18.593 [main] INFO  gr.souperk.ion.Start - Server Starting.
2014-00-21 21:00:18.640 [main] INFO  gr.souperk.ion.server.WebServer - Opening server on port 1027.
2014-00-21 21:00:23.722 [main] INFO  gr.souperk.ion.Start - Server Starting.
2014-00-21 21:00:23.771 [main] INFO  gr.souperk.ion.server.WebServer - Opening server on port 1027.
2014-00-21 21:00:29.338 [main] INFO  gr.souperk.ion.server.WebServer - Connection established with /127.0.0.1.
2014-00-21 21:00:29.365 [Thread-1] INFO  gr.souperk.ion.server.ProxyRequestHandler - Proxing to connect on server google.gr on port 80.
2014-00-21 21:00:29.609 [Thread-1] INFO  gr.souperk.ion.server.ProxyRequestHandler - Connection with server google.gr on port 80.
2014-08-21 21:08:27.724 [main] INFO  gr.souperk.ion.Start - Server Starting.
2014-08-21 21:08:27.772 [main] INFO  gr.souperk.ion.server.WebServer - Opening server on port 1027.
2014-08-21 21:08:33.545 [main] INFO  gr.souperk.ion.server.WebServer - Connection established with /127.0.0.1.
2014-08-21 21:08:33.571 [Thread-1] INFO  gr.souperk.ion.server.ProxyRequestHandler - Proxing to connect on server google.gr on port 80.
2014-08-21 21:08:55.739 [main] INFO  gr.souperk.ion.Start - Server Starting.
2014-08-21 21:08:55.787 [main] INFO  gr.souperk.ion.server.WebServer - Opening server on port 1027.
2014-08-21 21:08:56.339 [main] INFO  gr.souperk.ion.server.WebServer - Connection established with /127.0.0.1.
2014-08-21 21:08:56.367 [Thread-1] INFO  gr.souperk.ion.server.ProxyRequestHandler - Proxing to connect on server google.gr on port 80.
2014-08-21 21:08:59.043 [main] INFO  gr.souperk.ion.server.WebServer - Connection established with /127.0.0.1.
2014-08-21 21:08:59.047 [Thread-2] INFO  gr.souperk.ion.server.ProxyRequestHandler - Proxing to connect on server google.gr on port 80.
2014-13-21 21:13:35.726 [main] INFO  gr.souperk.ion.Start - Server Starting.
2014-13-21 21:13:35.773 [main] INFO  gr.souperk.ion.server.WebServer - Opening server on port 1027.
2014-13-21 21:13:38.646 [main] INFO  gr.souperk.ion.server.WebServer - Connection established with /127.0.0.1.
2014-13-21 21:13:38.675 [Thread-1] INFO  gr.souperk.ion.server.ProxyRequestHandler - Proxing to [server@google.gr:80].
2014-15-21 21:15:31.725 [main] INFO  gr.souperk.ion.Start - Server Starting.
2014-15-21 21:15:31.772 [main] INFO  gr.souperk.ion.server.WebServer - Opening server on port 1027.
2014-15-21 21:15:34.720 [main] INFO  gr.souperk.ion.server.WebServer - Connection established with /127.0.0.1.
2014-15-21 21:15:34.749 [Thread-1] INFO  gr.souperk.ion.server.ProxyRequestHandler - [server@google.gr:80]Proxing.
2014-18-21 21:18:06.732 [main] INFO  gr.souperk.ion.Start - Server Starting.
2014-18-21 21:18:06.779 [main] INFO  gr.souperk.ion.server.WebServer - Opening server on port 1027.
2014-18-21 21:18:09.044 [main] INFO  gr.souperk.ion.server.WebServer - Connection established with /127.0.0.1.
2014-18-21 21:18:09.072 [Thread-1] INFO  gr.souperk.ion.server.ProxyRequestHandler - [server@google.gr:80]Proxing.
2014-19-21 21:19:12.733 [main] INFO  gr.souperk.ion.Start - Server Starting.
2014-19-21 21:19:12.781 [main] INFO  gr.souperk.ion.server.WebServer - Opening server on port 1027.
2014-19-21 21:19:14.261 [main] INFO  gr.souperk.ion.server.WebServer - Connection established with /127.0.0.1.
2014-19-21 21:19:14.289 [Thread-1] INFO  gr.souperk.ion.server.ProxyRequestHandler - [server@google.gr:80]Proxing.
2014-19-21 21:19:14.405 [main] INFO  gr.souperk.ion.server.WebServer - Connection established with /127.0.0.1.
2014-19-21 21:19:14.411 [Thread-2] INFO  gr.souperk.ion.server.ProxyRequestHandler - [server@google.gr:80]Proxing.
2014-38-22 20:38:55.911 [main] INFO  gr.souperk.ion.Start - Server Starting.
2014-38-22 20:38:55.993 [main] INFO  gr.souperk.ion.server.WebServer - Opening server on port 1027.
2014-39-22 20:39:34.346 [main] INFO  gr.souperk.ion.server.WebServer - Connection established with /127.0.0.1.
2014-40-22 20:40:17.849 [main] INFO  gr.souperk.ion.Start - Server Starting.
2014-40-22 20:40:17.899 [main] INFO  gr.souperk.ion.server.WebServer - Opening server on port 1027.
2014-40-22 20:40:19.559 [main] INFO  gr.souperk.ion.server.WebServer - Connection established with /127.0.0.1.
2014-40-22 20:40:41.830 [main] INFO  gr.souperk.ion.Start - Server Starting.
2014-40-22 20:40:41.878 [main] INFO  gr.souperk.ion.server.WebServer - Opening server on port 1027.
2014-40-22 20:40:43.248 [main] INFO  gr.souperk.ion.server.WebServer - Connection established with /127.0.0.1.
2014-41-22 20:41:45.834 [main] INFO  gr.souperk.ion.Start - Server Starting.
2014-41-22 20:41:45.883 [main] INFO  gr.souperk.ion.server.WebServer - Opening server on port 1027.
2014-41-22 20:41:45.884 [main] ERROR gr.souperk.ion.server.WebServer - Port 1027 already occupied.
2014-41-22 20:41:45.885 [main] INFO  gr.souperk.ion.Start - Server Stopping.
2014-41-22 20:41:52.833 [main] INFO  gr.souperk.ion.Start - Server Starting.
2014-41-22 20:41:52.881 [main] INFO  gr.souperk.ion.server.WebServer - Opening server on port 1027.
2014-41-22 20:41:56.001 [main] INFO  gr.souperk.ion.server.WebServer - Connection established with /127.0.0.1.
2014-42-22 20:42:04.833 [main] INFO  gr.souperk.ion.Start - Server Starting.
2014-42-22 20:42:04.881 [main] INFO  gr.souperk.ion.server.WebServer - Opening server on port 1027.
2014-42-22 20:42:07.226 [main] INFO  gr.souperk.ion.server.WebServer - Connection established with /127.0.0.1.
2014-43-22 20:43:24.831 [main] INFO  gr.souperk.ion.Start - Server Starting.
2014-43-22 20:43:24.878 [main] INFO  gr.souperk.ion.server.WebServer - Opening server on port 1027.
2014-43-22 20:43:27.196 [main] INFO  gr.souperk.ion.server.WebServer - Connection established with /127.0.0.1.
2014-43-22 20:43:53.832 [main] INFO  gr.souperk.ion.Start - Server Starting.
2014-43-22 20:43:53.886 [main] INFO  gr.souperk.ion.server.WebServer - Opening server on port 1027.
2014-43-22 20:43:53.888 [main] ERROR gr.souperk.ion.server.WebServer - Port 1027 already occupied.
2014-43-22 20:43:53.888 [main] INFO  gr.souperk.ion.Start - Server Stopping.
2014-43-22 20:43:58.845 [main] INFO  gr.souperk.ion.Start - Server Starting.
2014-43-22 20:43:58.892 [main] INFO  gr.souperk.ion.server.WebServer - Opening server on port 1027.
2014-43-22 20:43:59.548 [main] INFO  gr.souperk.ion.server.WebServer - Connection established with /127.0.0.1.
2014-44-22 20:44:15.832 [main] INFO  gr.souperk.ion.Start - Server Starting.
2014-44-22 20:44:15.878 [main] INFO  gr.souperk.ion.server.WebServer - Opening server on port 1027.
2014-44-22 20:44:17.694 [main] INFO  gr.souperk.ion.server.WebServer - Connection established with /127.0.0.1.
2014-45-22 20:45:28.859 [main] INFO  gr.souperk.ion.Start - Server Starting.
2014-45-22 20:45:28.919 [main] INFO  gr.souperk.ion.server.WebServer - Opening server on port 1027.
2014-45-22 20:45:30.703 [main] INFO  gr.souperk.ion.server.WebServer - Connection established with /127.0.0.1.
2014-46-22 20:46:06.832 [main] INFO  gr.souperk.ion.Start - Server Starting.
2014-46-22 20:46:06.878 [main] INFO  gr.souperk.ion.server.WebServer - Opening server on port 1027.
2014-46-22 20:46:09.256 [main] INFO  gr.souperk.ion.server.WebServer - Connection established with /127.0.0.1.
2014-46-22 20:46:40.848 [main] INFO  gr.souperk.ion.Start - Server Starting.
2014-46-22 20:46:40.897 [main] INFO  gr.souperk.ion.server.WebServer - Opening server on port 1027.
2014-46-22 20:46:42.625 [main] INFO  gr.souperk.ion.server.WebServer - Connection established with /127.0.0.1.
2014-47-22 20:47:19.835 [main] INFO  gr.souperk.ion.Start - Server Starting.
2014-47-22 20:47:19.883 [main] INFO  gr.souperk.ion.server.WebServer - Opening server on port 1027.
2014-47-22 20:47:21.016 [main] INFO  gr.souperk.ion.server.WebServer - Connection established with /127.0.0.1.
2014-47-22 20:47:37.834 [main] INFO  gr.souperk.ion.Start - Server Starting.
2014-47-22 20:47:37.885 [main] INFO  gr.souperk.ion.server.WebServer - Opening server on port 1027.
2014-47-22 20:47:39.017 [main] INFO  gr.souperk.ion.server.WebServer - Connection established with /127.0.0.1.
2014-47-22 20:47:39.068 [Thread-1] INFO  gr.souperk.ion.server.ServerThread - [/127.0.0.1]Got code 400.
2014-47-22 20:47:39.185 [main] INFO  gr.souperk.ion.server.WebServer - Connection established with /127.0.0.1.
2014-47-22 20:47:39.188 [Thread-2] INFO  gr.souperk.ion.server.ServerThread - [/127.0.0.1]Got code 400.
2014-47-22 20:47:39.189 [main] INFO  gr.souperk.ion.server.WebServer - Connection established with /127.0.0.1.
2014-47-22 20:47:39.193 [Thread-3] INFO  gr.souperk.ion.server.ServerThread - [/127.0.0.1]Got code 400.
2014-48-22 20:48:58.837 [main] INFO  gr.souperk.ion.Start - Server Starting.
2014-48-22 20:48:58.884 [main] INFO  gr.souperk.ion.server.WebServer - Opening server on port 1027.
2014-49-22 20:49:00.938 [main] INFO  gr.souperk.ion.server.WebServer - Connection established with /127.0.0.1.
2014-49-22 20:49:51.856 [main] INFO  gr.souperk.ion.Start - Server Starting.
2014-49-22 20:49:51.904 [main] INFO  gr.souperk.ion.server.WebServer - Opening server on port 1027.
2014-49-22 20:49:53.493 [main] INFO  gr.souperk.ion.server.WebServer - Connection established with /127.0.0.1.
2014-51-22 20:51:19.843 [main] INFO  gr.souperk.ion.Start - Server Starting.
2014-51-22 20:51:19.890 [main] INFO  gr.souperk.ion.server.WebServer - Opening server on port 1027.
2014-51-22 20:51:21.375 [main] INFO  gr.souperk.ion.server.WebServer - Connection established with /127.0.0.1.
2014-02-22 21:02:44.855 [main] INFO  gr.souperk.ion.Start - Server Starting.
2014-02-22 21:02:44.907 [main] INFO  gr.souperk.ion.server.WebServer - Opening server on port 1027.
2014-02-22 21:02:45.228 [main] INFO  gr.souperk.ion.server.WebServer - Connection established with /127.0.0.1.
2014-02-22 21:02:45.260 [Thread-1] INFO  gr.souperk.ion.server.ServerThread - [/127.0.0.1]Got code 400.
2014-04-22 21:04:27.867 [main] INFO  gr.souperk.ion.Start - Server Starting.
2014-04-22 21:04:27.915 [main] INFO  gr.souperk.ion.server.WebServer - Opening server on port 1027.
2014-04-22 21:04:28.864 [main] INFO  gr.souperk.ion.server.WebServer - Connection established with /127.0.0.1.
2014-04-22 21:04:28.898 [Thread-1] INFO  gr.souperk.ion.conf.ProxyConfiguration - google.gr is invalid to  test.p4u.gr:1027
2014-04-22 21:04:28.899 [Thread-1] INFO  gr.souperk.ion.server.ServerThread - [/127.0.0.1]Got code 400.
2014-12-25 08:12:49.795 [main] INFO  gr.souperk.ion.Start - Server Starting.
2014-12-25 08:12:49.910 [main] INFO  gr.souperk.ion.server.WebServer - Opening server on port 1027.
2014-12-25 08:12:59.888 [main] INFO  gr.souperk.ion.server.WebServer - Connection established with /0:0:0:0:0:0:0:1.
2014-12-25 08:12:59.922 [Thread-1] INFO  gr.souperk.ion.conf.ProxyConfiguration - google.gr is invalid to  localhost:1027
2014-13-25 08:13:00.010 [main] INFO  gr.souperk.ion.server.WebServer - Connection established with /0:0:0:0:0:0:0:1.
2014-13-25 08:13:00.013 [Thread-2] INFO  gr.souperk.ion.conf.ProxyConfiguration - google.gr is invalid to  localhost:1027
2014-13-25 08:13:00.097 [main] INFO  gr.souperk.ion.server.WebServer - Connection established with /0:0:0:0:0:0:0:1.
2014-13-25 08:13:00.099 [Thread-3] INFO  gr.souperk.ion.conf.ProxyConfiguration - google.gr is invalid to  localhost:1027
2014-13-25 08:13:00.100 [Thread-3] INFO  gr.souperk.ion.server.ServerThread - [/0:0:0:0:0:0:0:1]Got code 404.
2014-13-25 08:13:00.101 [main] INFO  gr.souperk.ion.server.WebServer - Connection established with /0:0:0:0:0:0:0:1.
2014-13-25 08:13:00.102 [Thread-4] INFO  gr.souperk.ion.conf.ProxyConfiguration - google.gr is invalid to  localhost:1027
2014-13-25 08:13:00.103 [Thread-4] INFO  gr.souperk.ion.server.ServerThread - [/0:0:0:0:0:0:0:1]Got code 404.
2014-13-25 08:13:08.488 [main] INFO  gr.souperk.ion.server.WebServer - Connection established with /127.0.0.1.
2014-13-25 08:13:08.498 [Thread-5] INFO  gr.souperk.ion.conf.ProxyConfiguration - google.gr is invalid to  test.p4u.gr:1027
2014-13-25 08:13:08.516 [main] INFO  gr.souperk.ion.server.WebServer - Connection established with /127.0.0.1.
2014-13-25 08:13:08.555 [Thread-6] INFO  gr.souperk.ion.conf.ProxyConfiguration - google.gr is invalid to  test.p4u.gr:1027
2014-13-25 08:13:08.622 [main] INFO  gr.souperk.ion.server.WebServer - Connection established with /127.0.0.1.
2014-13-25 08:13:08.623 [main] INFO  gr.souperk.ion.server.WebServer - Connection established with /127.0.0.1.
2014-13-25 08:13:08.624 [Thread-7] INFO  gr.souperk.ion.conf.ProxyConfiguration - google.gr is invalid to  test.p4u.gr:1027
2014-13-25 08:13:08.625 [Thread-8] INFO  gr.souperk.ion.conf.ProxyConfiguration - google.gr is invalid to  test.p4u.gr:1027
2014-13-25 08:13:08.625 [Thread-7] INFO  gr.souperk.ion.server.ServerThread - [/127.0.0.1]Got code 404.
2014-13-25 08:13:08.626 [Thread-8] INFO  gr.souperk.ion.server.ServerThread - [/127.0.0.1]Got code 404.
2014-13-25 08:13:12.174 [main] INFO  gr.souperk.ion.server.WebServer - Connection established with /127.0.0.1.
2014-13-25 08:13:12.175 [Thread-9] INFO  gr.souperk.ion.conf.ProxyConfiguration - google.gr is invalid to  test.p4u.gr:1027
2014-13-25 08:13:12.190 [main] INFO  gr.souperk.ion.server.WebServer - Connection established with /127.0.0.1.
2014-13-25 08:13:12.206 [Thread-10] INFO  gr.souperk.ion.conf.ProxyConfiguration - google.gr is invalid to  test.p4u.gr:1027
2014-22-25 08:22:15.700 [main] INFO  gr.souperk.ion.Start - Server Starting.
2014-22-25 08:22:15.747 [main] INFO  gr.souperk.ion.server.WebServer - Opening server on port 1027.
2014-22-25 08:22:19.225 [main] INFO  gr.souperk.ion.server.WebServer - Connection established with /127.0.0.1.
2014-22-25 08:22:19.250 [Thread-1] INFO  gr.souperk.ion.conf.ProxyConfiguration - google.gr is invalid to  test.p4u.gr:1027
2014-22-25 08:22:19.271 [main] INFO  gr.souperk.ion.server.WebServer - Connection established with /127.0.0.1.
2014-22-25 08:22:19.275 [Thread-2] INFO  gr.souperk.ion.conf.ProxyConfiguration - google.gr is invalid to  test.p4u.gr:1027
2014-29-25 08:29:10.710 [main] INFO  gr.souperk.ion.Start - Server Starting.
2014-29-25 08:29:10.758 [main] INFO  gr.souperk.ion.server.WebServer - Opening server on port 1027.
2014-29-25 08:29:12.388 [main] INFO  gr.souperk.ion.server.WebServer - Connection established with /127.0.0.1.
2014-29-25 08:29:12.416 [Thread-1] INFO  gr.souperk.ion.conf.ProxyConfiguration - [google.gr:80] is invalid to  test.p4u.gr:1027
2014-29-25 08:29:12.437 [main] INFO  gr.souperk.ion.server.WebServer - Connection established with /127.0.0.1.
2014-29-25 08:29:12.439 [Thread-2] INFO  gr.souperk.ion.conf.ProxyConfiguration - [google.gr:80] is invalid to  test.p4u.gr:1027
2014-30-25 08:30:03.706 [main] INFO  gr.souperk.ion.Start - Server Starting.
2014-30-25 08:30:03.753 [main] INFO  gr.souperk.ion.server.WebServer - Opening server on port 1027.
2014-30-25 08:30:05.140 [main] INFO  gr.souperk.ion.server.WebServer - Connection established with /127.0.0.1.
2014-30-25 08:30:05.165 [Thread-1] INFO  gr.souperk.ion.conf.ProxyConfiguration - [google.gr:80] is invalid to  test.p4u.gr:1027
2014-30-25 08:30:05.183 [main] INFO  gr.souperk.ion.server.WebServer - Connection established with /127.0.0.1.
2014-30-25 08:30:05.185 [Thread-2] INFO  gr.souperk.ion.conf.ProxyConfiguration - [google.gr:80] is invalid to  test.p4u.gr:1027
2014-30-25 08:30:56.706 [main] INFO  gr.souperk.ion.Start - Server Starting.
2014-30-25 08:30:56.754 [main] INFO  gr.souperk.ion.server.WebServer - Opening server on port 1027.
2014-30-25 08:30:57.694 [main] INFO  gr.souperk.ion.server.WebServer - Connection established with /127.0.0.1.
2014-30-25 08:30:57.722 [Thread-1] INFO  gr.souperk.ion.conf.ProxyConfiguration - [google.gr:80] is invalid to  test.p4u.gr:1027
2014-30-25 08:30:57.744 [main] INFO  gr.souperk.ion.server.WebServer - Connection established with /127.0.0.1.
2014-30-25 08:30:57.746 [Thread-2] INFO  gr.souperk.ion.conf.ProxyConfiguration - [google.gr:80] is invalid to  test.p4u.gr:1027
2014-32-25 08:32:57.723 [main] INFO  gr.souperk.ion.Start - Server Starting.
2014-32-25 08:32:57.772 [main] INFO  gr.souperk.ion.server.WebServer - Opening server on port 1027.
2014-32-25 08:32:58.969 [main] INFO  gr.souperk.ion.server.WebServer - Connection established with /127.0.0.1.
2014-32-25 08:32:58.996 [Thread-1] INFO  gr.souperk.ion.server.ProxyRequestHandler - [server@google.gr:80]Proxing.
