2014-45-27 20:45:32.998 [main] INFO  gr.souperk.ion.Start - Server Starting
2014-57-27 20:57:46.956 [main] INFO  gr.souperk.ion.Start - Server Starting
2014-58-27 20:58:07.231 [main] INFO  gr.souperk.ion.server.WebServer - Connection established with /0:0:0:0:0:0:0:1:1026
2014-58-27 20:58:51.368 [main] INFO  gr.souperk.ion.server.WebServer - Connection established with /0:0:0:0:0:0:0:1:1026
2014-02-27 21:02:33.470 [main] INFO  gr.souperk.ion.Start - Server Starting
2014-02-27 21:02:36.167 [main] INFO  gr.souperk.ion.server.WebServer - Connection established with /0:0:0:0:0:0:0:1:1026
2014-06-27 21:06:02.740 [main] INFO  gr.souperk.ion.Start - Server Starting
2014-06-27 21:06:25.203 [main] INFO  gr.souperk.ion.server.WebServer - Connection established with /0:0:0:0:0:0:0:1:1026
2014-08-27 21:08:46.841 [main] INFO  gr.souperk.ion.Start - Server Starting.
2014-08-27 21:08:49.895 [main] INFO  gr.souperk.ion.server.WebServer - Connection established with /0:0:0:0:0:0:0:1:1026.
2014-08-27 21:08:50.854 [main] INFO  gr.souperk.ion.server.WebServer - Connection established with /0:0:0:0:0:0:0:1:1026.
2014-11-27 21:11:48.567 [main] INFO  gr.souperk.ion.Start - Server Starting.
2014-11-27 21:11:50.458 [main] INFO  gr.souperk.ion.server.WebServer - Connection established with /0:0:0:0:0:0:0:1:1026.
2014-12-27 21:12:46.653 [main] INFO  gr.souperk.ion.Start - Server Starting.
2014-12-27 21:12:46.697 [main] INFO  gr.souperk.ion.Start - Server Stopping.
2014-12-27 21:12:51.328 [main] INFO  gr.souperk.ion.Start - Server Starting.
2014-13-27 21:13:07.059 [main] INFO  gr.souperk.ion.server.WebServer - Connection established with /0:0:0:0:0:0:0:1:1026.
2014-16-27 21:16:04.368 [main] INFO  gr.souperk.ion.Start - Server Starting.
2014-16-27 21:16:04.414 [main] INFO  gr.souperk.ion.Start - Server Stopping.
2014-16-27 21:16:09.502 [main] INFO  gr.souperk.ion.Start - Server Starting.
2014-16-27 21:16:11.168 [main] INFO  gr.souperk.ion.server.WebServer - Connection established with /0:0:0:0:0:0:0:1:1026.
2014-20-27 21:20:28.404 [main] INFO  gr.souperk.ion.Start - Server Starting.
2014-20-27 21:20:30.789 [main] INFO  gr.souperk.ion.server.WebServer - Connection established with /0:0:0:0:0:0:0:1.
2014-20-27 21:20:49.802 [main] INFO  gr.souperk.ion.Start - Server Starting.
2014-20-27 21:20:51.638 [main] INFO  gr.souperk.ion.server.WebServer - Connection established with /0:0:0:0:0:0:0:1.
2014-20-27 21:20:51.696 [main] INFO  gr.souperk.ion.server.WebServer - Connection established with /0:0:0:0:0:0:0:1.
2014-20-27 21:20:51.774 [main] INFO  gr.souperk.ion.server.WebServer - Connection established with /0:0:0:0:0:0:0:1.
2014-20-27 21:20:51.775 [main] INFO  gr.souperk.ion.server.WebServer - Connection established with /0:0:0:0:0:0:0:1.
2014-24-27 23:24:13.691 [main] INFO  gr.souperk.ion.Start - Server Starting.
2014-24-27 23:24:26.174 [main] INFO  gr.souperk.ion.server.WebServer - Connection established with /0:0:0:0:0:0:0:1.
2014-17-30 21:17:23.128 [main] INFO  gr.souperk.ion.Start - Server Starting.
